// This is where an access log would be created
::1 - - [25/Apr/2022:23:08:23 +0000] "GET /app HTTP/1.1" 200 - "-" "Mozilla/5.0 (Windows NT 10.0; Win64; x64) AppleWebKit/537.36 (KHTML, like Gecko) Chrome/100.0.4896.127 Safari/537.36"
::1 - - [26/Apr/2022:01:08:35 +0000] "GET /app HTTP/1.1" 200 - "-" "Mozilla/5.0 (Windows NT 10.0; Win64; x64) AppleWebKit/537.36 (KHTML, like Gecko) Chrome/100.0.4896.127 Safari/537.36"
::1 - - [26/Apr/2022:01:08:35 +0000] "GET /favicon.ico HTTP/1.1" 404 13 "http://localhost:5555/app" "Mozilla/5.0 (Windows NT 10.0; Win64; x64) AppleWebKit/537.36 (KHTML, like Gecko) Chrome/100.0.4896.127 Safari/537.36"
::1 - - [26/Apr/2022:01:31:13 +0000] "GET /app/flip HTTP/1.1" 200 16 "-" "Mozilla/5.0 (Windows NT 10.0; Win64; x64) AppleWebKit/537.36 (KHTML, like Gecko) Chrome/100.0.4896.127 Safari/537.36"
::1 - - [26/Apr/2022:04:35:45 +0000] "GET /app/flip HTTP/1.1" 200 16 "-" "Mozilla/5.0 (Windows NT 10.0; Win64; x64) AppleWebKit/537.36 (KHTML, like Gecko) Chrome/100.0.4896.127 Safari/537.36"
::1 - - [26/Apr/2022:04:35:48 +0000] "GET /app/flip/ HTTP/1.1" 200 16 "-" "Mozilla/5.0 (Windows NT 10.0; Win64; x64) AppleWebKit/537.36 (KHTML, like Gecko) Chrome/100.0.4896.127 Safari/537.36"
::1 - - [26/Apr/2022:04:35:53 +0000] "GET /app/flip/ HTTP/1.1" 200 16 "-" "Mozilla/5.0 (Windows NT 10.0; Win64; x64) AppleWebKit/537.36 (KHTML, like Gecko) Chrome/100.0.4896.127 Safari/537.36"
::1 - - [26/Apr/2022:05:00:57 +0000] "GET /app/flip/ HTTP/1.1" 304 - "http://localhost:5555/" "Mozilla/5.0 (Windows NT 10.0; Win64; x64) AppleWebKit/537.36 (KHTML, like Gecko) Chrome/100.0.4896.127 Safari/537.36"
::1 - - [26/Apr/2022:05:00:57 +0000] "GET /public/assets/img/undefined.png HTTP/1.1" 404 13 "http://localhost:5555/" "Mozilla/5.0 (Windows NT 10.0; Win64; x64) AppleWebKit/537.36 (KHTML, like Gecko) Chrome/100.0.4896.127 Safari/537.36"
::1 - - [26/Apr/2022:05:01:04 +0000] "GET /app/flip/ HTTP/1.1" 304 - "http://localhost:5555/" "Mozilla/5.0 (Windows NT 10.0; Win64; x64) AppleWebKit/537.36 (KHTML, like Gecko) Chrome/100.0.4896.127 Safari/537.36"
::1 - - [26/Apr/2022:05:01:04 +0000] "GET /public/assets/img/undefined.png HTTP/1.1" 404 13 "http://localhost:5555/" "Mozilla/5.0 (Windows NT 10.0; Win64; x64) AppleWebKit/537.36 (KHTML, like Gecko) Chrome/100.0.4896.127 Safari/537.36"
::1 - - [26/Apr/2022:05:01:05 +0000] "GET /app/flip/ HTTP/1.1" 304 - "http://localhost:5555/" "Mozilla/5.0 (Windows NT 10.0; Win64; x64) AppleWebKit/537.36 (KHTML, like Gecko) Chrome/100.0.4896.127 Safari/537.36"
::1 - - [26/Apr/2022:05:01:05 +0000] "GET /public/assets/img/undefined.png HTTP/1.1" 404 13 "http://localhost:5555/" "Mozilla/5.0 (Windows NT 10.0; Win64; x64) AppleWebKit/537.36 (KHTML, like Gecko) Chrome/100.0.4896.127 Safari/537.36"
::1 - - [26/Apr/2022:05:01:08 +0000] "GET /app/flip/ HTTP/1.1" 304 - "http://localhost:5555/" "Mozilla/5.0 (Windows NT 10.0; Win64; x64) AppleWebKit/537.36 (KHTML, like Gecko) Chrome/100.0.4896.127 Safari/537.36"
::1 - - [26/Apr/2022:05:01:08 +0000] "GET /public/assets/img/undefined.png HTTP/1.1" 404 13 "http://localhost:5555/" "Mozilla/5.0 (Windows NT 10.0; Win64; x64) AppleWebKit/537.36 (KHTML, like Gecko) Chrome/100.0.4896.127 Safari/537.36"
::1 - - [26/Apr/2022:05:01:23 +0000] "GET /app/flip/ HTTP/1.1" 200 16 "http://localhost:5555/" "Mozilla/5.0 (Windows NT 10.0; Win64; x64) AppleWebKit/537.36 (KHTML, like Gecko) Chrome/100.0.4896.127 Safari/537.36"
::1 - - [26/Apr/2022:05:01:23 +0000] "GET /public/assets/img/undefined.png HTTP/1.1" 404 13 "http://localhost:5555/" "Mozilla/5.0 (Windows NT 10.0; Win64; x64) AppleWebKit/537.36 (KHTML, like Gecko) Chrome/100.0.4896.127 Safari/537.36"
::1 - - [26/Apr/2022:05:01:25 +0000] "GET /app/flip/ HTTP/1.1" 304 - "http://localhost:5555/" "Mozilla/5.0 (Windows NT 10.0; Win64; x64) AppleWebKit/537.36 (KHTML, like Gecko) Chrome/100.0.4896.127 Safari/537.36"
::1 - - [26/Apr/2022:05:01:25 +0000] "GET /public/assets/img/undefined.png HTTP/1.1" 404 13 "http://localhost:5555/" "Mozilla/5.0 (Windows NT 10.0; Win64; x64) AppleWebKit/537.36 (KHTML, like Gecko) Chrome/100.0.4896.127 Safari/537.36"
::1 - - [26/Apr/2022:05:01:26 +0000] "GET /app/flip/ HTTP/1.1" 200 16 "http://localhost:5555/" "Mozilla/5.0 (Windows NT 10.0; Win64; x64) AppleWebKit/537.36 (KHTML, like Gecko) Chrome/100.0.4896.127 Safari/537.36"
::1 - - [26/Apr/2022:05:01:26 +0000] "GET /public/assets/img/undefined.png HTTP/1.1" 404 13 "http://localhost:5555/" "Mozilla/5.0 (Windows NT 10.0; Win64; x64) AppleWebKit/537.36 (KHTML, like Gecko) Chrome/100.0.4896.127 Safari/537.36"
::1 - - [26/Apr/2022:05:03:32 +0000] "GET /app/flip/ HTTP/1.1" 200 16 "http://localhost:5555/" "Mozilla/5.0 (Windows NT 10.0; Win64; x64) AppleWebKit/537.36 (KHTML, like Gecko) Chrome/100.0.4896.127 Safari/537.36"
::1 - - [26/Apr/2022:05:03:32 +0000] "GET /public/assets/img/undefined.png HTTP/1.1" 404 13 "http://localhost:5555/" "Mozilla/5.0 (Windows NT 10.0; Win64; x64) AppleWebKit/537.36 (KHTML, like Gecko) Chrome/100.0.4896.127 Safari/537.36"
::1 - - [26/Apr/2022:05:03:45 +0000] "GET /app/flip/ HTTP/1.1" 200 16 "http://localhost:5555/" "Mozilla/5.0 (Windows NT 10.0; Win64; x64) AppleWebKit/537.36 (KHTML, like Gecko) Chrome/100.0.4896.127 Safari/537.36"
::1 - - [26/Apr/2022:05:03:45 +0000] "GET /public/assets/img/undefined.png HTTP/1.1" 404 13 "http://localhost:5555/" "Mozilla/5.0 (Windows NT 10.0; Win64; x64) AppleWebKit/537.36 (KHTML, like Gecko) Chrome/100.0.4896.127 Safari/537.36"
::1 - - [26/Apr/2022:05:03:51 +0000] "GET /app/flip/ HTTP/1.1" 304 - "http://localhost:5555/" "Mozilla/5.0 (Windows NT 10.0; Win64; x64) AppleWebKit/537.36 (KHTML, like Gecko) Chrome/100.0.4896.127 Safari/537.36"
::1 - - [26/Apr/2022:05:03:51 +0000] "GET /public/assets/img/undefined.png HTTP/1.1" 404 13 "http://localhost:5555/" "Mozilla/5.0 (Windows NT 10.0; Win64; x64) AppleWebKit/537.36 (KHTML, like Gecko) Chrome/100.0.4896.127 Safari/537.36"
::1 - - [26/Apr/2022:05:03:55 +0000] "GET /app/flip/ HTTP/1.1" 200 16 "http://localhost:5555/" "Mozilla/5.0 (Windows NT 10.0; Win64; x64) AppleWebKit/537.36 (KHTML, like Gecko) Chrome/100.0.4896.127 Safari/537.36"
::1 - - [26/Apr/2022:05:03:55 +0000] "GET /public/assets/img/undefined.png HTTP/1.1" 404 13 "http://localhost:5555/" "Mozilla/5.0 (Windows NT 10.0; Win64; x64) AppleWebKit/537.36 (KHTML, like Gecko) Chrome/100.0.4896.127 Safari/537.36"
::1 - - [26/Apr/2022:05:03:56 +0000] "GET /app/flip/ HTTP/1.1" 304 - "http://localhost:5555/" "Mozilla/5.0 (Windows NT 10.0; Win64; x64) AppleWebKit/537.36 (KHTML, like Gecko) Chrome/100.0.4896.127 Safari/537.36"
::1 - - [26/Apr/2022:05:03:56 +0000] "GET /public/assets/img/undefined.png HTTP/1.1" 404 13 "http://localhost:5555/" "Mozilla/5.0 (Windows NT 10.0; Win64; x64) AppleWebKit/537.36 (KHTML, like Gecko) Chrome/100.0.4896.127 Safari/537.36"
::1 - - [26/Apr/2022:05:05:10 +0000] "GET /app/flip/ HTTP/1.1" 200 16 "http://localhost:5555/" "Mozilla/5.0 (Windows NT 10.0; Win64; x64) AppleWebKit/537.36 (KHTML, like Gecko) Chrome/100.0.4896.127 Safari/537.36"
::1 - - [26/Apr/2022:05:05:10 +0000] "GET /public/assets/img/undefined.png HTTP/1.1" 404 13 "http://localhost:5555/" "Mozilla/5.0 (Windows NT 10.0; Win64; x64) AppleWebKit/537.36 (KHTML, like Gecko) Chrome/100.0.4896.127 Safari/537.36"
::1 - - [26/Apr/2022:05:05:20 +0000] "GET /app/flip/ HTTP/1.1" 304 - "http://localhost:5555/" "Mozilla/5.0 (Windows NT 10.0; Win64; x64) AppleWebKit/537.36 (KHTML, like Gecko) Chrome/100.0.4896.127 Safari/537.36"
::1 - - [26/Apr/2022:05:05:20 +0000] "GET /public/assets/img/undefined.png HTTP/1.1" 404 13 "http://localhost:5555/" "Mozilla/5.0 (Windows NT 10.0; Win64; x64) AppleWebKit/537.36 (KHTML, like Gecko) Chrome/100.0.4896.127 Safari/537.36"
::1 - - [26/Apr/2022:05:05:26 +0000] "GET /app/flip/ HTTP/1.1" 304 - "http://localhost:5555/" "Mozilla/5.0 (Windows NT 10.0; Win64; x64) AppleWebKit/537.36 (KHTML, like Gecko) Chrome/100.0.4896.127 Safari/537.36"
::1 - - [26/Apr/2022:05:05:26 +0000] "GET /public/assets/img/undefined.png HTTP/1.1" 404 13 "http://localhost:5555/" "Mozilla/5.0 (Windows NT 10.0; Win64; x64) AppleWebKit/537.36 (KHTML, like Gecko) Chrome/100.0.4896.127 Safari/537.36"
::1 - - [26/Apr/2022:05:05:45 +0000] "GET /app/flip/ HTTP/1.1" 200 16 "http://localhost:5555/" "Mozilla/5.0 (Windows NT 10.0; Win64; x64) AppleWebKit/537.36 (KHTML, like Gecko) Chrome/100.0.4896.127 Safari/537.36"
::1 - - [26/Apr/2022:05:05:45 +0000] "GET /public/assets/img/undefined.png HTTP/1.1" 404 13 "http://localhost:5555/" "Mozilla/5.0 (Windows NT 10.0; Win64; x64) AppleWebKit/537.36 (KHTML, like Gecko) Chrome/100.0.4896.127 Safari/537.36"
::1 - - [26/Apr/2022:05:07:24 +0000] "GET /app/flip/ HTTP/1.1" 200 16 "http://localhost:5555/" "Mozilla/5.0 (Windows NT 10.0; Win64; x64) AppleWebKit/537.36 (KHTML, like Gecko) Chrome/100.0.4896.127 Safari/537.36"
::1 - - [26/Apr/2022:05:07:24 +0000] "GET /public/assets/img/undefined.png HTTP/1.1" 404 13 "http://localhost:5555/" "Mozilla/5.0 (Windows NT 10.0; Win64; x64) AppleWebKit/537.36 (KHTML, like Gecko) Chrome/100.0.4896.127 Safari/537.36"
::1 - - [26/Apr/2022:05:09:52 +0000] "GET /app/flip/ HTTP/1.1" 304 - "http://localhost:5555/" "Mozilla/5.0 (Windows NT 10.0; Win64; x64) AppleWebKit/537.36 (KHTML, like Gecko) Chrome/100.0.4896.127 Safari/537.36"
::1 - - [26/Apr/2022:05:09:52 +0000] "GET /public/assets/img/undefined.png HTTP/1.1" 404 13 "http://localhost:5555/" "Mozilla/5.0 (Windows NT 10.0; Win64; x64) AppleWebKit/537.36 (KHTML, like Gecko) Chrome/100.0.4896.127 Safari/537.36"
::1 - - [26/Apr/2022:05:11:14 +0000] "GET /app/flip/ HTTP/1.1" 200 16 "http://localhost:5555/" "Mozilla/5.0 (Windows NT 10.0; Win64; x64) AppleWebKit/537.36 (KHTML, like Gecko) Chrome/100.0.4896.127 Safari/537.36"
::1 - - [26/Apr/2022:05:11:14 +0000] "GET /public/assets/img/undefined.png HTTP/1.1" 404 13 "http://localhost:5555/" "Mozilla/5.0 (Windows NT 10.0; Win64; x64) AppleWebKit/537.36 (KHTML, like Gecko) Chrome/100.0.4896.127 Safari/537.36"
::1 - - [26/Apr/2022:05:14:42 +0000] "GET /app/flip HTTP/1.1" 304 - "-" "Mozilla/5.0 (Windows NT 10.0; Win64; x64) AppleWebKit/537.36 (KHTML, like Gecko) Chrome/100.0.4896.127 Safari/537.36"
::1 - - [26/Apr/2022:05:15:02 +0000] "GET /app/flip/ HTTP/1.1" 200 16 "http://localhost:5555/" "Mozilla/5.0 (Windows NT 10.0; Win64; x64) AppleWebKit/537.36 (KHTML, like Gecko) Chrome/100.0.4896.127 Safari/537.36"
::1 - - [26/Apr/2022:05:15:02 +0000] "GET /public/assets/img/undefined.png HTTP/1.1" 404 13 "http://localhost:5555/" "Mozilla/5.0 (Windows NT 10.0; Win64; x64) AppleWebKit/537.36 (KHTML, like Gecko) Chrome/100.0.4896.127 Safari/537.36"
::1 - - [26/Apr/2022:06:50:39 +0000] "GET /app/flip/ HTTP/1.1" 304 - "http://localhost:5555/" "Mozilla/5.0 (Windows NT 10.0; Win64; x64) AppleWebKit/537.36 (KHTML, like Gecko) Chrome/100.0.4896.127 Safari/537.36"
::1 - - [26/Apr/2022:06:50:39 +0000] "GET /public/assets/img/heads.png HTTP/1.1" 404 13 "http://localhost:5555/" "Mozilla/5.0 (Windows NT 10.0; Win64; x64) AppleWebKit/537.36 (KHTML, like Gecko) Chrome/100.0.4896.127 Safari/537.36"
::1 - - [26/Apr/2022:06:52:55 +0000] "GET /app/flip/ HTTP/1.1" 304 - "http://localhost:5555/" "Mozilla/5.0 (Windows NT 10.0; Win64; x64) AppleWebKit/537.36 (KHTML, like Gecko) Chrome/100.0.4896.127 Safari/537.36"
::1 - - [26/Apr/2022:06:52:55 +0000] "GET /public/assets/img/heads.png HTTP/1.1" 404 13 "http://localhost:5555/" "Mozilla/5.0 (Windows NT 10.0; Win64; x64) AppleWebKit/537.36 (KHTML, like Gecko) Chrome/100.0.4896.127 Safari/537.36"
::1 - - [26/Apr/2022:07:05:26 +0000] "GET /app/flip/ HTTP/1.1" 304 - "http://localhost:5555/" "Mozilla/5.0 (Windows NT 10.0; Win64; x64) AppleWebKit/537.36 (KHTML, like Gecko) Chrome/100.0.4896.127 Safari/537.36"
::1 - - [26/Apr/2022:07:05:26 +0000] "GET /public/assets/img/heads.png HTTP/1.1" 404 13 "http://localhost:5555/" "Mozilla/5.0 (Windows NT 10.0; Win64; x64) AppleWebKit/537.36 (KHTML, like Gecko) Chrome/100.0.4896.127 Safari/537.36"
::1 - - [26/Apr/2022:07:11:18 +0000] "GET /app/flip/ HTTP/1.1" 304 - "http://localhost:5555/" "Mozilla/5.0 (Windows NT 10.0; Win64; x64) AppleWebKit/537.36 (KHTML, like Gecko) Chrome/100.0.4896.127 Safari/537.36"
::1 - - [26/Apr/2022:07:11:18 +0000] "GET /public/assets/img/heads.png HTTP/1.1" 404 13 "http://localhost:5555/" "Mozilla/5.0 (Windows NT 10.0; Win64; x64) AppleWebKit/537.36 (KHTML, like Gecko) Chrome/100.0.4896.127 Safari/537.36"
::1 - - [26/Apr/2022:07:19:53 +0000] "GET /public/assets/img/heads.png HTTP/1.1" 404 13 "http://localhost:5555/" "Mozilla/5.0 (Windows NT 10.0; Win64; x64) AppleWebKit/537.36 (KHTML, like Gecko) Chrome/100.0.4896.127 Safari/537.36"
::1 - - [26/Apr/2022:07:19:55 +0000] "GET /app/flip/ HTTP/1.1" 200 16 "http://localhost:5555/" "Mozilla/5.0 (Windows NT 10.0; Win64; x64) AppleWebKit/537.36 (KHTML, like Gecko) Chrome/100.0.4896.127 Safari/537.36"
::1 - - [26/Apr/2022:07:19:55 +0000] "GET /public/assets/img/heads.png HTTP/1.1" 404 13 "http://localhost:5555/" "Mozilla/5.0 (Windows NT 10.0; Win64; x64) AppleWebKit/537.36 (KHTML, like Gecko) Chrome/100.0.4896.127 Safari/537.36"
::1 - - [26/Apr/2022:07:21:45 +0000] "GET /app/flip/ HTTP/1.1" 304 - "http://localhost:5555/" "Mozilla/5.0 (Windows NT 10.0; Win64; x64) AppleWebKit/537.36 (KHTML, like Gecko) Chrome/100.0.4896.127 Safari/537.36"
::1 - - [26/Apr/2022:07:22:43 +0000] "GET /app/flip/ HTTP/1.1" 200 16 "http://localhost:5555/" "Mozilla/5.0 (Windows NT 10.0; Win64; x64) AppleWebKit/537.36 (KHTML, like Gecko) Chrome/100.0.4896.127 Safari/537.36"
::1 - - [26/Apr/2022:07:22:47 +0000] "GET /app/flip/ HTTP/1.1" 304 - "http://localhost:5555/" "Mozilla/5.0 (Windows NT 10.0; Win64; x64) AppleWebKit/537.36 (KHTML, like Gecko) Chrome/100.0.4896.127 Safari/537.36"
::1 - - [26/Apr/2022:07:22:50 +0000] "GET /app/flip/ HTTP/1.1" 304 - "http://localhost:5555/" "Mozilla/5.0 (Windows NT 10.0; Win64; x64) AppleWebKit/537.36 (KHTML, like Gecko) Chrome/100.0.4896.127 Safari/537.36"
::1 - - [26/Apr/2022:07:22:53 +0000] "GET /app/flip/ HTTP/1.1" 200 16 "http://localhost:5555/" "Mozilla/5.0 (Windows NT 10.0; Win64; x64) AppleWebKit/537.36 (KHTML, like Gecko) Chrome/100.0.4896.127 Safari/537.36"
::1 - - [26/Apr/2022:11:01:18 +0000] "GET /app/flip/ HTTP/1.1" 200 16 "http://localhost:5555/" "Mozilla/5.0 (Windows NT 10.0; Win64; x64) AppleWebKit/537.36 (KHTML, like Gecko) Chrome/100.0.4896.127 Safari/537.36"
::1 - - [26/Apr/2022:11:01:43 +0000] "GET /app/flip/ HTTP/1.1" 200 16 "http://localhost:5555/" "Mozilla/5.0 (Windows NT 10.0; Win64; x64) AppleWebKit/537.36 (KHTML, like Gecko) Chrome/100.0.4896.127 Safari/537.36"
::1 - - [26/Apr/2022:11:01:45 +0000] "GET /app/flip/ HTTP/1.1" 200 16 "http://localhost:5555/" "Mozilla/5.0 (Windows NT 10.0; Win64; x64) AppleWebKit/537.36 (KHTML, like Gecko) Chrome/100.0.4896.127 Safari/537.36"
::1 - - [26/Apr/2022:11:01:46 +0000] "GET /app/flip/ HTTP/1.1" 304 - "http://localhost:5555/" "Mozilla/5.0 (Windows NT 10.0; Win64; x64) AppleWebKit/537.36 (KHTML, like Gecko) Chrome/100.0.4896.127 Safari/537.36"
::1 - - [26/Apr/2022:11:01:47 +0000] "GET /app/flip/ HTTP/1.1" 200 16 "http://localhost:5555/" "Mozilla/5.0 (Windows NT 10.0; Win64; x64) AppleWebKit/537.36 (KHTML, like Gecko) Chrome/100.0.4896.127 Safari/537.36"
::1 - - [26/Apr/2022:11:01:48 +0000] "GET /app/flip/ HTTP/1.1" 304 - "http://localhost:5555/" "Mozilla/5.0 (Windows NT 10.0; Win64; x64) AppleWebKit/537.36 (KHTML, like Gecko) Chrome/100.0.4896.127 Safari/537.36"
::1 - - [26/Apr/2022:11:01:49 +0000] "GET /app/flip/ HTTP/1.1" 200 16 "http://localhost:5555/" "Mozilla/5.0 (Windows NT 10.0; Win64; x64) AppleWebKit/537.36 (KHTML, like Gecko) Chrome/100.0.4896.127 Safari/537.36"
::1 - - [26/Apr/2022:11:01:50 +0000] "GET /app/flip/ HTTP/1.1" 304 - "http://localhost:5555/" "Mozilla/5.0 (Windows NT 10.0; Win64; x64) AppleWebKit/537.36 (KHTML, like Gecko) Chrome/100.0.4896.127 Safari/537.36"
::1 - - [26/Apr/2022:11:01:51 +0000] "GET /app/flip/ HTTP/1.1" 304 - "http://localhost:5555/" "Mozilla/5.0 (Windows NT 10.0; Win64; x64) AppleWebKit/537.36 (KHTML, like Gecko) Chrome/100.0.4896.127 Safari/537.36"
::1 - - [26/Apr/2022:11:01:52 +0000] "GET /app/flip/ HTTP/1.1" 200 16 "http://localhost:5555/" "Mozilla/5.0 (Windows NT 10.0; Win64; x64) AppleWebKit/537.36 (KHTML, like Gecko) Chrome/100.0.4896.127 Safari/537.36"
::1 - - [26/Apr/2022:11:07:34 +0000] "GET /app/flip/ HTTP/1.1" 304 - "http://localhost:5555/" "Mozilla/5.0 (Windows NT 10.0; Win64; x64) AppleWebKit/537.36 (KHTML, like Gecko) Chrome/100.0.4896.127 Safari/537.36"
::1 - - [26/Apr/2022:11:12:55 +0000] "GET /app/flip/ HTTP/1.1" 200 16 "http://localhost:5555/" "Mozilla/5.0 (Windows NT 10.0; Win64; x64) AppleWebKit/537.36 (KHTML, like Gecko) Chrome/100.0.4896.127 Safari/537.36"
::1 - - [26/Apr/2022:11:13:19 +0000] "GET /app/flip/ HTTP/1.1" 304 - "http://localhost:5555/" "Mozilla/5.0 (Windows NT 10.0; Win64; x64) AppleWebKit/537.36 (KHTML, like Gecko) Chrome/100.0.4896.127 Safari/537.36"
::1 - - [26/Apr/2022:11:13:33 +0000] "GET /app/flip/ HTTP/1.1" 200 16 "http://localhost:5555/" "Mozilla/5.0 (Windows NT 10.0; Win64; x64) AppleWebKit/537.36 (KHTML, like Gecko) Chrome/100.0.4896.127 Safari/537.36"
::1 - - [26/Apr/2022:11:13:37 +0000] "GET /app/flip/ HTTP/1.1" 304 - "http://localhost:5555/" "Mozilla/5.0 (Windows NT 10.0; Win64; x64) AppleWebKit/537.36 (KHTML, like Gecko) Chrome/100.0.4896.127 Safari/537.36"
::1 - - [26/Apr/2022:11:13:37 +0000] "GET /app/flip/ HTTP/1.1" 304 - "http://localhost:5555/" "Mozilla/5.0 (Windows NT 10.0; Win64; x64) AppleWebKit/537.36 (KHTML, like Gecko) Chrome/100.0.4896.127 Safari/537.36"
::1 - - [26/Apr/2022:11:15:09 +0000] "GET /app/flip/ HTTP/1.1" 304 - "http://localhost:5555/" "Mozilla/5.0 (Windows NT 10.0; Win64; x64) AppleWebKit/537.36 (KHTML, like Gecko) Chrome/100.0.4896.127 Safari/537.36"
::1 - - [26/Apr/2022:11:15:13 +0000] "GET /app/flip/ HTTP/1.1" 200 16 "http://localhost:5555/" "Mozilla/5.0 (Windows NT 10.0; Win64; x64) AppleWebKit/537.36 (KHTML, like Gecko) Chrome/100.0.4896.127 Safari/537.36"
::1 - - [26/Apr/2022:11:15:14 +0000] "GET /app/flip/ HTTP/1.1" 200 16 "http://localhost:5555/" "Mozilla/5.0 (Windows NT 10.0; Win64; x64) AppleWebKit/537.36 (KHTML, like Gecko) Chrome/100.0.4896.127 Safari/537.36"
::1 - - [26/Apr/2022:11:15:15 +0000] "GET /app/flip/ HTTP/1.1" 304 - "http://localhost:5555/" "Mozilla/5.0 (Windows NT 10.0; Win64; x64) AppleWebKit/537.36 (KHTML, like Gecko) Chrome/100.0.4896.127 Safari/537.36"
::1 - - [26/Apr/2022:11:15:15 +0000] "GET /app/flip/ HTTP/1.1" 304 - "http://localhost:5555/" "Mozilla/5.0 (Windows NT 10.0; Win64; x64) AppleWebKit/537.36 (KHTML, like Gecko) Chrome/100.0.4896.127 Safari/537.36"
::1 - - [26/Apr/2022:11:15:15 +0000] "GET /app/flip/ HTTP/1.1" 304 - "http://localhost:5555/" "Mozilla/5.0 (Windows NT 10.0; Win64; x64) AppleWebKit/537.36 (KHTML, like Gecko) Chrome/100.0.4896.127 Safari/537.36"
::1 - - [26/Apr/2022:11:15:15 +0000] "GET /app/flip/ HTTP/1.1" 304 - "http://localhost:5555/" "Mozilla/5.0 (Windows NT 10.0; Win64; x64) AppleWebKit/537.36 (KHTML, like Gecko) Chrome/100.0.4896.127 Safari/537.36"
::1 - - [26/Apr/2022:11:15:16 +0000] "GET /app/flip/ HTTP/1.1" 200 16 "http://localhost:5555/" "Mozilla/5.0 (Windows NT 10.0; Win64; x64) AppleWebKit/537.36 (KHTML, like Gecko) Chrome/100.0.4896.127 Safari/537.36"
::1 - - [26/Apr/2022:11:15:16 +0000] "GET /app/flip/ HTTP/1.1" 200 16 "http://localhost:5555/" "Mozilla/5.0 (Windows NT 10.0; Win64; x64) AppleWebKit/537.36 (KHTML, like Gecko) Chrome/100.0.4896.127 Safari/537.36"
::1 - - [26/Apr/2022:11:15:16 +0000] "GET /app/flip/ HTTP/1.1" 200 16 "http://localhost:5555/" "Mozilla/5.0 (Windows NT 10.0; Win64; x64) AppleWebKit/537.36 (KHTML, like Gecko) Chrome/100.0.4896.127 Safari/537.36"
::1 - - [26/Apr/2022:11:15:16 +0000] "GET /app/flip/ HTTP/1.1" 304 - "http://localhost:5555/" "Mozilla/5.0 (Windows NT 10.0; Win64; x64) AppleWebKit/537.36 (KHTML, like Gecko) Chrome/100.0.4896.127 Safari/537.36"
::1 - - [26/Apr/2022:11:15:17 +0000] "GET /app/flip/ HTTP/1.1" 304 - "http://localhost:5555/" "Mozilla/5.0 (Windows NT 10.0; Win64; x64) AppleWebKit/537.36 (KHTML, like Gecko) Chrome/100.0.4896.127 Safari/537.36"
::1 - - [26/Apr/2022:11:19:22 +0000] "GET /app/flip/ HTTP/1.1" 200 16 "http://localhost:5555/" "Mozilla/5.0 (Windows NT 10.0; Win64; x64) AppleWebKit/537.36 (KHTML, like Gecko) Chrome/100.0.4896.127 Safari/537.36"
::1 - - [26/Apr/2022:11:19:51 +0000] "GET /app/flip/ HTTP/1.1" 304 - "http://localhost:5555/" "Mozilla/5.0 (Windows NT 10.0; Win64; x64) AppleWebKit/537.36 (KHTML, like Gecko) Chrome/100.0.4896.127 Safari/537.36"
::1 - - [26/Apr/2022:11:19:52 +0000] "GET /app/flip/ HTTP/1.1" 304 - "http://localhost:5555/" "Mozilla/5.0 (Windows NT 10.0; Win64; x64) AppleWebKit/537.36 (KHTML, like Gecko) Chrome/100.0.4896.127 Safari/537.36"
::1 - - [26/Apr/2022:11:19:52 +0000] "GET /app/flip/ HTTP/1.1" 304 - "http://localhost:5555/" "Mozilla/5.0 (Windows NT 10.0; Win64; x64) AppleWebKit/537.36 (KHTML, like Gecko) Chrome/100.0.4896.127 Safari/537.36"
::1 - - [26/Apr/2022:11:19:53 +0000] "GET /app/flip/ HTTP/1.1" 200 16 "http://localhost:5555/" "Mozilla/5.0 (Windows NT 10.0; Win64; x64) AppleWebKit/537.36 (KHTML, like Gecko) Chrome/100.0.4896.127 Safari/537.36"
::1 - - [26/Apr/2022:11:19:54 +0000] "GET /app/flip/ HTTP/1.1" 304 - "http://localhost:5555/" "Mozilla/5.0 (Windows NT 10.0; Win64; x64) AppleWebKit/537.36 (KHTML, like Gecko) Chrome/100.0.4896.127 Safari/537.36"
::1 - - [26/Apr/2022:11:19:55 +0000] "GET /app/flip/ HTTP/1.1" 304 - "http://localhost:5555/" "Mozilla/5.0 (Windows NT 10.0; Win64; x64) AppleWebKit/537.36 (KHTML, like Gecko) Chrome/100.0.4896.127 Safari/537.36"
::1 - - [26/Apr/2022:11:19:56 +0000] "GET /app/flip/ HTTP/1.1" 200 16 "http://localhost:5555/" "Mozilla/5.0 (Windows NT 10.0; Win64; x64) AppleWebKit/537.36 (KHTML, like Gecko) Chrome/100.0.4896.127 Safari/537.36"
::1 - - [26/Apr/2022:11:19:56 +0000] "GET /app/flip/ HTTP/1.1" 200 16 "http://localhost:5555/" "Mozilla/5.0 (Windows NT 10.0; Win64; x64) AppleWebKit/537.36 (KHTML, like Gecko) Chrome/100.0.4896.127 Safari/537.36"
::1 - - [26/Apr/2022:11:19:57 +0000] "GET /app/flip/ HTTP/1.1" 304 - "http://localhost:5555/" "Mozilla/5.0 (Windows NT 10.0; Win64; x64) AppleWebKit/537.36 (KHTML, like Gecko) Chrome/100.0.4896.127 Safari/537.36"
::1 - - [26/Apr/2022:11:19:58 +0000] "GET /app/flip/ HTTP/1.1" 304 - "http://localhost:5555/" "Mozilla/5.0 (Windows NT 10.0; Win64; x64) AppleWebKit/537.36 (KHTML, like Gecko) Chrome/100.0.4896.127 Safari/537.36"
::1 - - [26/Apr/2022:11:19:59 +0000] "GET /app/flip/ HTTP/1.1" 304 - "http://localhost:5555/" "Mozilla/5.0 (Windows NT 10.0; Win64; x64) AppleWebKit/537.36 (KHTML, like Gecko) Chrome/100.0.4896.127 Safari/537.36"
::1 - - [26/Apr/2022:11:19:59 +0000] "GET /app/flip/ HTTP/1.1" 304 - "http://localhost:5555/" "Mozilla/5.0 (Windows NT 10.0; Win64; x64) AppleWebKit/537.36 (KHTML, like Gecko) Chrome/100.0.4896.127 Safari/537.36"
::1 - - [26/Apr/2022:11:19:59 +0000] "GET /app/flip/ HTTP/1.1" 304 - "http://localhost:5555/" "Mozilla/5.0 (Windows NT 10.0; Win64; x64) AppleWebKit/537.36 (KHTML, like Gecko) Chrome/100.0.4896.127 Safari/537.36"
::1 - - [26/Apr/2022:11:20:00 +0000] "GET /app/flip/ HTTP/1.1" 304 - "http://localhost:5555/" "Mozilla/5.0 (Windows NT 10.0; Win64; x64) AppleWebKit/537.36 (KHTML, like Gecko) Chrome/100.0.4896.127 Safari/537.36"
::1 - - [26/Apr/2022:11:20:00 +0000] "GET /app/flip/ HTTP/1.1" 200 16 "http://localhost:5555/" "Mozilla/5.0 (Windows NT 10.0; Win64; x64) AppleWebKit/537.36 (KHTML, like Gecko) Chrome/100.0.4896.127 Safari/537.36"
::1 - - [26/Apr/2022:11:20:01 +0000] "GET /app/flip/ HTTP/1.1" 304 - "http://localhost:5555/" "Mozilla/5.0 (Windows NT 10.0; Win64; x64) AppleWebKit/537.36 (KHTML, like Gecko) Chrome/100.0.4896.127 Safari/537.36"
::1 - - [26/Apr/2022:11:20:01 +0000] "GET /app/flip/ HTTP/1.1" 200 16 "http://localhost:5555/" "Mozilla/5.0 (Windows NT 10.0; Win64; x64) AppleWebKit/537.36 (KHTML, like Gecko) Chrome/100.0.4896.127 Safari/537.36"
::1 - - [26/Apr/2022:11:20:01 +0000] "GET /app/flip/ HTTP/1.1" 200 16 "http://localhost:5555/" "Mozilla/5.0 (Windows NT 10.0; Win64; x64) AppleWebKit/537.36 (KHTML, like Gecko) Chrome/100.0.4896.127 Safari/537.36"
::1 - - [26/Apr/2022:11:20:01 +0000] "GET /app/flip/ HTTP/1.1" 304 - "http://localhost:5555/" "Mozilla/5.0 (Windows NT 10.0; Win64; x64) AppleWebKit/537.36 (KHTML, like Gecko) Chrome/100.0.4896.127 Safari/537.36"
::1 - - [26/Apr/2022:11:20:01 +0000] "GET /app/flip/ HTTP/1.1" 304 - "http://localhost:5555/" "Mozilla/5.0 (Windows NT 10.0; Win64; x64) AppleWebKit/537.36 (KHTML, like Gecko) Chrome/100.0.4896.127 Safari/537.36"
::1 - - [26/Apr/2022:11:20:01 +0000] "GET /app/flip/ HTTP/1.1" 200 16 "http://localhost:5555/" "Mozilla/5.0 (Windows NT 10.0; Win64; x64) AppleWebKit/537.36 (KHTML, like Gecko) Chrome/100.0.4896.127 Safari/537.36"
::1 - - [26/Apr/2022:11:20:02 +0000] "GET /app/flip/ HTTP/1.1" 200 16 "http://localhost:5555/" "Mozilla/5.0 (Windows NT 10.0; Win64; x64) AppleWebKit/537.36 (KHTML, like Gecko) Chrome/100.0.4896.127 Safari/537.36"
::1 - - [26/Apr/2022:11:20:02 +0000] "GET /app/flip/ HTTP/1.1" 304 - "http://localhost:5555/" "Mozilla/5.0 (Windows NT 10.0; Win64; x64) AppleWebKit/537.36 (KHTML, like Gecko) Chrome/100.0.4896.127 Safari/537.36"
::1 - - [26/Apr/2022:11:20:02 +0000] "GET /app/flip/ HTTP/1.1" 200 16 "http://localhost:5555/" "Mozilla/5.0 (Windows NT 10.0; Win64; x64) AppleWebKit/537.36 (KHTML, like Gecko) Chrome/100.0.4896.127 Safari/537.36"
::1 - - [26/Apr/2022:11:20:02 +0000] "GET /app/flip/ HTTP/1.1" 200 16 "http://localhost:5555/" "Mozilla/5.0 (Windows NT 10.0; Win64; x64) AppleWebKit/537.36 (KHTML, like Gecko) Chrome/100.0.4896.127 Safari/537.36"
::1 - - [26/Apr/2022:11:20:03 +0000] "GET /app/flip/ HTTP/1.1" 304 - "http://localhost:5555/" "Mozilla/5.0 (Windows NT 10.0; Win64; x64) AppleWebKit/537.36 (KHTML, like Gecko) Chrome/100.0.4896.127 Safari/537.36"
::1 - - [26/Apr/2022:11:20:29 +0000] "GET /app/flip/ HTTP/1.1" 200 16 "http://localhost:5555/" "Mozilla/5.0 (Windows NT 10.0; Win64; x64) AppleWebKit/537.36 (KHTML, like Gecko) Chrome/100.0.4896.127 Safari/537.36"
::1 - - [26/Apr/2022:11:20:31 +0000] "GET /app/flip/ HTTP/1.1" 304 - "http://localhost:5555/" "Mozilla/5.0 (Windows NT 10.0; Win64; x64) AppleWebKit/537.36 (KHTML, like Gecko) Chrome/100.0.4896.127 Safari/537.36"
::1 - - [26/Apr/2022:11:20:32 +0000] "GET /app/flip/ HTTP/1.1" 304 - "http://localhost:5555/" "Mozilla/5.0 (Windows NT 10.0; Win64; x64) AppleWebKit/537.36 (KHTML, like Gecko) Chrome/100.0.4896.127 Safari/537.36"
::1 - - [26/Apr/2022:11:20:32 +0000] "GET /app/flip/ HTTP/1.1" 200 16 "http://localhost:5555/" "Mozilla/5.0 (Windows NT 10.0; Win64; x64) AppleWebKit/537.36 (KHTML, like Gecko) Chrome/100.0.4896.127 Safari/537.36"
::1 - - [26/Apr/2022:11:20:32 +0000] "GET /app/flip/ HTTP/1.1" 200 16 "http://localhost:5555/" "Mozilla/5.0 (Windows NT 10.0; Win64; x64) AppleWebKit/537.36 (KHTML, like Gecko) Chrome/100.0.4896.127 Safari/537.36"
::1 - - [26/Apr/2022:11:20:32 +0000] "GET /app/flip/ HTTP/1.1" 304 - "http://localhost:5555/" "Mozilla/5.0 (Windows NT 10.0; Win64; x64) AppleWebKit/537.36 (KHTML, like Gecko) Chrome/100.0.4896.127 Safari/537.36"
::1 - - [26/Apr/2022:11:20:32 +0000] "GET /app/flip/ HTTP/1.1" 200 16 "http://localhost:5555/" "Mozilla/5.0 (Windows NT 10.0; Win64; x64) AppleWebKit/537.36 (KHTML, like Gecko) Chrome/100.0.4896.127 Safari/537.36"
::1 - - [26/Apr/2022:11:20:33 +0000] "GET /app/flip/ HTTP/1.1" 304 - "http://localhost:5555/" "Mozilla/5.0 (Windows NT 10.0; Win64; x64) AppleWebKit/537.36 (KHTML, like Gecko) Chrome/100.0.4896.127 Safari/537.36"
::1 - - [26/Apr/2022:11:20:33 +0000] "GET /app/flip/ HTTP/1.1" 200 16 "http://localhost:5555/" "Mozilla/5.0 (Windows NT 10.0; Win64; x64) AppleWebKit/537.36 (KHTML, like Gecko) Chrome/100.0.4896.127 Safari/537.36"
::1 - - [26/Apr/2022:11:20:33 +0000] "GET /app/flip/ HTTP/1.1" 200 16 "http://localhost:5555/" "Mozilla/5.0 (Windows NT 10.0; Win64; x64) AppleWebKit/537.36 (KHTML, like Gecko) Chrome/100.0.4896.127 Safari/537.36"
::1 - - [26/Apr/2022:11:20:34 +0000] "GET /app/flip/ HTTP/1.1" 200 16 "http://localhost:5555/" "Mozilla/5.0 (Windows NT 10.0; Win64; x64) AppleWebKit/537.36 (KHTML, like Gecko) Chrome/100.0.4896.127 Safari/537.36"
::1 - - [26/Apr/2022:11:20:35 +0000] "GET /app/flip/ HTTP/1.1" 200 16 "http://localhost:5555/" "Mozilla/5.0 (Windows NT 10.0; Win64; x64) AppleWebKit/537.36 (KHTML, like Gecko) Chrome/100.0.4896.127 Safari/537.36"
::1 - - [26/Apr/2022:11:22:44 +0000] "GET /app/flip/ HTTP/1.1" 200 16 "http://localhost:5555/" "Mozilla/5.0 (Windows NT 10.0; Win64; x64) AppleWebKit/537.36 (KHTML, like Gecko) Chrome/100.0.4896.127 Safari/537.36"
::1 - - [26/Apr/2022:11:28:50 +0000] "GET /app/flip/ HTTP/1.1" 200 16 "http://localhost:5555/" "Mozilla/5.0 (Windows NT 10.0; Win64; x64) AppleWebKit/537.36 (KHTML, like Gecko) Chrome/100.0.4896.127 Safari/537.36"
::1 - - [26/Apr/2022:11:29:04 +0000] "GET /app/flip/ HTTP/1.1" 200 16 "http://localhost:5555/" "Mozilla/5.0 (Windows NT 10.0; Win64; x64) AppleWebKit/537.36 (KHTML, like Gecko) Chrome/100.0.4896.127 Safari/537.36"
::1 - - [26/Apr/2022:11:34:47 +0000] "GET /app/flip/ HTTP/1.1" 304 - "http://localhost:5555/" "Mozilla/5.0 (Windows NT 10.0; Win64; x64) AppleWebKit/537.36 (KHTML, like Gecko) Chrome/100.0.4896.127 Safari/537.36"
::1 - - [26/Apr/2022:11:34:54 +0000] "GET /app/flip/ HTTP/1.1" 304 - "http://localhost:5555/" "Mozilla/5.0 (Windows NT 10.0; Win64; x64) AppleWebKit/537.36 (KHTML, like Gecko) Chrome/100.0.4896.127 Safari/537.36"
::1 - - [26/Apr/2022:11:36:12 +0000] "GET /app/flip/ HTTP/1.1" 304 - "http://localhost:5555/" "Mozilla/5.0 (Windows NT 10.0; Win64; x64) AppleWebKit/537.36 (KHTML, like Gecko) Chrome/100.0.4896.127 Safari/537.36"
::1 - - [26/Apr/2022:11:36:17 +0000] "GET /app/flip/ HTTP/1.1" 200 16 "http://localhost:5555/" "Mozilla/5.0 (Windows NT 10.0; Win64; x64) AppleWebKit/537.36 (KHTML, like Gecko) Chrome/100.0.4896.127 Safari/537.36"
::1 - - [26/Apr/2022:11:36:20 +0000] "GET /app/flip/ HTTP/1.1" 304 - "http://localhost:5555/" "Mozilla/5.0 (Windows NT 10.0; Win64; x64) AppleWebKit/537.36 (KHTML, like Gecko) Chrome/100.0.4896.127 Safari/537.36"
::1 - - [26/Apr/2022:11:36:21 +0000] "GET /app/flip/ HTTP/1.1" 200 16 "http://localhost:5555/" "Mozilla/5.0 (Windows NT 10.0; Win64; x64) AppleWebKit/537.36 (KHTML, like Gecko) Chrome/100.0.4896.127 Safari/537.36"
::1 - - [26/Apr/2022:11:36:22 +0000] "GET /app/flip/ HTTP/1.1" 200 16 "http://localhost:5555/" "Mozilla/5.0 (Windows NT 10.0; Win64; x64) AppleWebKit/537.36 (KHTML, like Gecko) Chrome/100.0.4896.127 Safari/537.36"
::1 - - [26/Apr/2022:11:36:31 +0000] "GET /app/flip/ HTTP/1.1" 304 - "http://localhost:5555/" "Mozilla/5.0 (Windows NT 10.0; Win64; x64) AppleWebKit/537.36 (KHTML, like Gecko) Chrome/100.0.4896.127 Safari/537.36"
::1 - - [26/Apr/2022:11:36:32 +0000] "GET /app/flip/ HTTP/1.1" 200 16 "http://localhost:5555/" "Mozilla/5.0 (Windows NT 10.0; Win64; x64) AppleWebKit/537.36 (KHTML, like Gecko) Chrome/100.0.4896.127 Safari/537.36"
::1 - - [26/Apr/2022:11:36:33 +0000] "GET /app/flip/ HTTP/1.1" 200 16 "http://localhost:5555/" "Mozilla/5.0 (Windows NT 10.0; Win64; x64) AppleWebKit/537.36 (KHTML, like Gecko) Chrome/100.0.4896.127 Safari/537.36"
::1 - - [26/Apr/2022:11:36:34 +0000] "GET /app/flip/ HTTP/1.1" 304 - "http://localhost:5555/" "Mozilla/5.0 (Windows NT 10.0; Win64; x64) AppleWebKit/537.36 (KHTML, like Gecko) Chrome/100.0.4896.127 Safari/537.36"
::1 - - [26/Apr/2022:11:36:50 +0000] "GET /app/flip/ HTTP/1.1" 304 - "http://localhost:5555/" "Mozilla/5.0 (Windows NT 10.0; Win64; x64) AppleWebKit/537.36 (KHTML, like Gecko) Chrome/100.0.4896.127 Safari/537.36"
::1 - - [26/Apr/2022:11:36:59 +0000] "GET /app/flip/ HTTP/1.1" 304 - "http://localhost:5555/" "Mozilla/5.0 (Windows NT 10.0; Win64; x64) AppleWebKit/537.36 (KHTML, like Gecko) Chrome/100.0.4896.127 Safari/537.36"
::1 - - [26/Apr/2022:11:43:10 +0000] "GET /app/flip/ HTTP/1.1" 200 16 "http://localhost:5555/" "Mozilla/5.0 (Windows NT 10.0; Win64; x64) AppleWebKit/537.36 (KHTML, like Gecko) Chrome/100.0.4896.127 Safari/537.36"
::1 - - [26/Apr/2022:11:43:18 +0000] "GET /app/flip/ HTTP/1.1" 304 - "http://localhost:5555/" "Mozilla/5.0 (Windows NT 10.0; Win64; x64) AppleWebKit/537.36 (KHTML, like Gecko) Chrome/100.0.4896.127 Safari/537.36"
::1 - - [26/Apr/2022:11:43:18 +0000] "GET /app/flip/ HTTP/1.1" 200 16 "http://localhost:5555/" "Mozilla/5.0 (Windows NT 10.0; Win64; x64) AppleWebKit/537.36 (KHTML, like Gecko) Chrome/100.0.4896.127 Safari/537.36"
::1 - - [26/Apr/2022:11:43:19 +0000] "GET /app/flip/ HTTP/1.1" 304 - "http://localhost:5555/" "Mozilla/5.0 (Windows NT 10.0; Win64; x64) AppleWebKit/537.36 (KHTML, like Gecko) Chrome/100.0.4896.127 Safari/537.36"
::1 - - [26/Apr/2022:11:43:20 +0000] "GET /app/flip/ HTTP/1.1" 200 16 "http://localhost:5555/" "Mozilla/5.0 (Windows NT 10.0; Win64; x64) AppleWebKit/537.36 (KHTML, like Gecko) Chrome/100.0.4896.127 Safari/537.36"
::1 - - [26/Apr/2022:11:43:21 +0000] "GET /app/flip/ HTTP/1.1" 304 - "http://localhost:5555/" "Mozilla/5.0 (Windows NT 10.0; Win64; x64) AppleWebKit/537.36 (KHTML, like Gecko) Chrome/100.0.4896.127 Safari/537.36"
::1 - - [26/Apr/2022:11:43:22 +0000] "GET /app/flip/ HTTP/1.1" 304 - "http://localhost:5555/" "Mozilla/5.0 (Windows NT 10.0; Win64; x64) AppleWebKit/537.36 (KHTML, like Gecko) Chrome/100.0.4896.127 Safari/537.36"
::1 - - [26/Apr/2022:11:43:23 +0000] "GET /app/flip/ HTTP/1.1" 304 - "http://localhost:5555/" "Mozilla/5.0 (Windows NT 10.0; Win64; x64) AppleWebKit/537.36 (KHTML, like Gecko) Chrome/100.0.4896.127 Safari/537.36"
::1 - - [26/Apr/2022:11:43:23 +0000] "GET /app/flip/ HTTP/1.1" 200 16 "http://localhost:5555/" "Mozilla/5.0 (Windows NT 10.0; Win64; x64) AppleWebKit/537.36 (KHTML, like Gecko) Chrome/100.0.4896.127 Safari/537.36"
::1 - - [26/Apr/2022:11:43:23 +0000] "GET /app/flip/ HTTP/1.1" 304 - "http://localhost:5555/" "Mozilla/5.0 (Windows NT 10.0; Win64; x64) AppleWebKit/537.36 (KHTML, like Gecko) Chrome/100.0.4896.127 Safari/537.36"
::1 - - [26/Apr/2022:11:43:24 +0000] "GET /app/flip/ HTTP/1.1" 304 - "http://localhost:5555/" "Mozilla/5.0 (Windows NT 10.0; Win64; x64) AppleWebKit/537.36 (KHTML, like Gecko) Chrome/100.0.4896.127 Safari/537.36"
::1 - - [26/Apr/2022:11:43:24 +0000] "GET /app/flip/ HTTP/1.1" 304 - "http://localhost:5555/" "Mozilla/5.0 (Windows NT 10.0; Win64; x64) AppleWebKit/537.36 (KHTML, like Gecko) Chrome/100.0.4896.127 Safari/537.36"
::1 - - [26/Apr/2022:11:43:24 +0000] "GET /app/flip/ HTTP/1.1" 200 16 "http://localhost:5555/" "Mozilla/5.0 (Windows NT 10.0; Win64; x64) AppleWebKit/537.36 (KHTML, like Gecko) Chrome/100.0.4896.127 Safari/537.36"
::1 - - [26/Apr/2022:11:43:24 +0000] "GET /app/flip/ HTTP/1.1" 304 - "http://localhost:5555/" "Mozilla/5.0 (Windows NT 10.0; Win64; x64) AppleWebKit/537.36 (KHTML, like Gecko) Chrome/100.0.4896.127 Safari/537.36"
::1 - - [26/Apr/2022:11:43:25 +0000] "GET /app/flip/ HTTP/1.1" 200 16 "http://localhost:5555/" "Mozilla/5.0 (Windows NT 10.0; Win64; x64) AppleWebKit/537.36 (KHTML, like Gecko) Chrome/100.0.4896.127 Safari/537.36"
::1 - - [26/Apr/2022:11:43:25 +0000] "GET /app/flip/ HTTP/1.1" 200 16 "http://localhost:5555/" "Mozilla/5.0 (Windows NT 10.0; Win64; x64) AppleWebKit/537.36 (KHTML, like Gecko) Chrome/100.0.4896.127 Safari/537.36"
::1 - - [26/Apr/2022:12:25:54 +0000] "GET /app/flip/ HTTP/1.1" 304 - "http://localhost:5555/" "Mozilla/5.0 (Windows NT 10.0; Win64; x64) AppleWebKit/537.36 (KHTML, like Gecko) Chrome/100.0.4896.127 Safari/537.36"
::1 - - [26/Apr/2022:12:27:20 +0000] "GET /app/flip/ HTTP/1.1" 200 16 "http://localhost:5555/" "Mozilla/5.0 (Windows NT 10.0; Win64; x64) AppleWebKit/537.36 (KHTML, like Gecko) Chrome/100.0.4896.127 Safari/537.36"
::1 - - [26/Apr/2022:12:27:23 +0000] "GET /app/flip/ HTTP/1.1" 200 16 "http://localhost:5555/" "Mozilla/5.0 (Windows NT 10.0; Win64; x64) AppleWebKit/537.36 (KHTML, like Gecko) Chrome/100.0.4896.127 Safari/537.36"
::1 - - [26/Apr/2022:12:27:23 +0000] "GET /app/flip/ HTTP/1.1" 200 16 "http://localhost:5555/" "Mozilla/5.0 (Windows NT 10.0; Win64; x64) AppleWebKit/537.36 (KHTML, like Gecko) Chrome/100.0.4896.127 Safari/537.36"
::1 - - [26/Apr/2022:12:27:28 +0000] "GET /app/flip/ HTTP/1.1" 304 - "http://localhost:5555/" "Mozilla/5.0 (Windows NT 10.0; Win64; x64) AppleWebKit/537.36 (KHTML, like Gecko) Chrome/100.0.4896.127 Safari/537.36"
::1 - - [26/Apr/2022:12:27:32 +0000] "GET /app/flip/ HTTP/1.1" 304 - "http://localhost:5555/" "Mozilla/5.0 (Windows NT 10.0; Win64; x64) AppleWebKit/537.36 (KHTML, like Gecko) Chrome/100.0.4896.127 Safari/537.36"
::1 - - [26/Apr/2022:12:27:42 +0000] "GET /app/flip/ HTTP/1.1" 200 16 "http://localhost:5555/" "Mozilla/5.0 (Windows NT 10.0; Win64; x64) AppleWebKit/537.36 (KHTML, like Gecko) Chrome/100.0.4896.127 Safari/537.36"
::1 - - [26/Apr/2022:13:27:59 +0000] "GET /app/flip/ HTTP/1.1" 304 - "http://localhost:5555/" "Mozilla/5.0 (Windows NT 10.0; Win64; x64) AppleWebKit/537.36 (KHTML, like Gecko) Chrome/100.0.4896.127 Safari/537.36"
::1 - - [26/Apr/2022:13:28:02 +0000] "POST /%22app/flip/coins/ HTTP/1.1" 404 13 "http://localhost:5555/" "Mozilla/5.0 (Windows NT 10.0; Win64; x64) AppleWebKit/537.36 (KHTML, like Gecko) Chrome/100.0.4896.127 Safari/537.36"
::1 - - [26/Apr/2022:13:28:08 +0000] "POST /?number=3%22app/flip/coins/ HTTP/1.1" 404 13 "http://localhost:5555/?number=3" "Mozilla/5.0 (Windows NT 10.0; Win64; x64) AppleWebKit/537.36 (KHTML, like Gecko) Chrome/100.0.4896.127 Safari/537.36"
::1 - - [26/Apr/2022:13:28:28 +0000] "POST /?number=3%22app/flip/coins/ HTTP/1.1" 404 13 "http://localhost:5555/?number=3" "Mozilla/5.0 (Windows NT 10.0; Win64; x64) AppleWebKit/537.36 (KHTML, like Gecko) Chrome/100.0.4896.127 Safari/537.36"
::1 - - [26/Apr/2022:13:28:33 +0000] "POST /?number=3%22app/flip/coins/ HTTP/1.1" 404 13 "http://localhost:5555/?number=3" "Mozilla/5.0 (Windows NT 10.0; Win64; x64) AppleWebKit/537.36 (KHTML, like Gecko) Chrome/100.0.4896.127 Safari/537.36"
::1 - - [26/Apr/2022:13:29:41 +0000] "POST /%22app/flip/coins/ HTTP/1.1" 404 13 "http://localhost:5555/" "Mozilla/5.0 (Windows NT 10.0; Win64; x64) AppleWebKit/537.36 (KHTML, like Gecko) Chrome/100.0.4896.127 Safari/537.36"
::1 - - [26/Apr/2022:13:30:18 +0000] "GET /app/flip/ HTTP/1.1" 304 - "http://localhost:5555/" "Mozilla/5.0 (Windows NT 10.0; Win64; x64) AppleWebKit/537.36 (KHTML, like Gecko) Chrome/100.0.4896.127 Safari/537.36"
::1 - - [26/Apr/2022:13:30:35 +0000] "GET /app/flip/ HTTP/1.1" 304 - "http://localhost:5555/" "Mozilla/5.0 (Windows NT 10.0; Win64; x64) AppleWebKit/537.36 (KHTML, like Gecko) Chrome/100.0.4896.127 Safari/537.36"
::1 - - [26/Apr/2022:13:42:45 +0000] "GET /app/flip/ HTTP/1.1" 304 - "http://localhost:5555/" "Mozilla/5.0 (Windows NT 10.0; Win64; x64) AppleWebKit/537.36 (KHTML, like Gecko) Chrome/100.0.4896.127 Safari/537.36"
::1 - - [26/Apr/2022:13:42:53 +0000] "GET /app/flip/ HTTP/1.1" 304 - "http://localhost:5555/" "Mozilla/5.0 (Windows NT 10.0; Win64; x64) AppleWebKit/537.36 (KHTML, like Gecko) Chrome/100.0.4896.127 Safari/537.36"
::1 - - [26/Apr/2022:13:42:56 +0000] "GET /app/flip/ HTTP/1.1" 304 - "http://localhost:5555/" "Mozilla/5.0 (Windows NT 10.0; Win64; x64) AppleWebKit/537.36 (KHTML, like Gecko) Chrome/100.0.4896.127 Safari/537.36"
::1 - - [26/Apr/2022:13:42:57 +0000] "GET /app/flip/ HTTP/1.1" 200 16 "http://localhost:5555/" "Mozilla/5.0 (Windows NT 10.0; Win64; x64) AppleWebKit/537.36 (KHTML, like Gecko) Chrome/100.0.4896.127 Safari/537.36"
::1 - - [26/Apr/2022:13:42:58 +0000] "GET /app/flip/ HTTP/1.1" 304 - "http://localhost:5555/" "Mozilla/5.0 (Windows NT 10.0; Win64; x64) AppleWebKit/537.36 (KHTML, like Gecko) Chrome/100.0.4896.127 Safari/537.36"
::1 - - [26/Apr/2022:13:42:58 +0000] "GET /app/flip/ HTTP/1.1" 304 - "http://localhost:5555/" "Mozilla/5.0 (Windows NT 10.0; Win64; x64) AppleWebKit/537.36 (KHTML, like Gecko) Chrome/100.0.4896.127 Safari/537.36"
::1 - - [26/Apr/2022:13:42:59 +0000] "GET /app/flip/ HTTP/1.1" 304 - "http://localhost:5555/" "Mozilla/5.0 (Windows NT 10.0; Win64; x64) AppleWebKit/537.36 (KHTML, like Gecko) Chrome/100.0.4896.127 Safari/537.36"
::1 - - [26/Apr/2022:13:42:59 +0000] "GET /app/flip/ HTTP/1.1" 304 - "http://localhost:5555/" "Mozilla/5.0 (Windows NT 10.0; Win64; x64) AppleWebKit/537.36 (KHTML, like Gecko) Chrome/100.0.4896.127 Safari/537.36"
::1 - - [26/Apr/2022:13:42:59 +0000] "GET /app/flip/ HTTP/1.1" 304 - "http://localhost:5555/" "Mozilla/5.0 (Windows NT 10.0; Win64; x64) AppleWebKit/537.36 (KHTML, like Gecko) Chrome/100.0.4896.127 Safari/537.36"
::1 - - [26/Apr/2022:13:44:23 +0000] "GET /app/flip/ HTTP/1.1" 304 - "http://localhost:5555/" "Mozilla/5.0 (Windows NT 10.0; Win64; x64) AppleWebKit/537.36 (KHTML, like Gecko) Chrome/100.0.4896.127 Safari/537.36"
::1 - - [26/Apr/2022:13:44:24 +0000] "GET /app/flip/ HTTP/1.1" 304 - "http://localhost:5555/" "Mozilla/5.0 (Windows NT 10.0; Win64; x64) AppleWebKit/537.36 (KHTML, like Gecko) Chrome/100.0.4896.127 Safari/537.36"
::1 - - [26/Apr/2022:13:44:25 +0000] "GET /app/flip/ HTTP/1.1" 304 - "http://localhost:5555/" "Mozilla/5.0 (Windows NT 10.0; Win64; x64) AppleWebKit/537.36 (KHTML, like Gecko) Chrome/100.0.4896.127 Safari/537.36"
::1 - - [26/Apr/2022:20:41:25 +0000] "POST /%22app/flip/coins/ HTTP/1.1" 404 13 "http://localhost:5555/" "Mozilla/5.0 (Windows NT 10.0; Win64; x64) AppleWebKit/537.36 (KHTML, like Gecko) Chrome/100.0.4896.127 Safari/537.36"
::1 - - [26/Apr/2022:20:41:26 +0000] "POST /%22app/flip/coins/ HTTP/1.1" 404 13 "http://localhost:5555/" "Mozilla/5.0 (Windows NT 10.0; Win64; x64) AppleWebKit/537.36 (KHTML, like Gecko) Chrome/100.0.4896.127 Safari/537.36"
::1 - - [26/Apr/2022:20:47:54 +0000] "POST /app/flip/coins/ HTTP/1.1" 200 65 "http://localhost:5555/" "Mozilla/5.0 (Windows NT 10.0; Win64; x64) AppleWebKit/537.36 (KHTML, like Gecko) Chrome/100.0.4896.127 Safari/537.36"
::1 - - [26/Apr/2022:20:48:01 +0000] "POST /app/flip/coins/ HTTP/1.1" 200 81 "http://localhost:5555/" "Mozilla/5.0 (Windows NT 10.0; Win64; x64) AppleWebKit/537.36 (KHTML, like Gecko) Chrome/100.0.4896.127 Safari/537.36"
::1 - - [27/Apr/2022:21:50:31 +0000] "GET /app/flip/ HTTP/1.1" 200 16 "http://localhost:5555/" "Mozilla/5.0 (Windows NT 10.0; Win64; x64) AppleWebKit/537.36 (KHTML, like Gecko) Chrome/100.0.4896.127 Safari/537.36"
::1 - - [27/Apr/2022:21:50:33 +0000] "GET /app/flip/ HTTP/1.1" 200 16 "http://localhost:5555/" "Mozilla/5.0 (Windows NT 10.0; Win64; x64) AppleWebKit/537.36 (KHTML, like Gecko) Chrome/100.0.4896.127 Safari/537.36"
::1 - - [27/Apr/2022:21:50:40 +0000] "POST /app/flip/coins/ HTTP/1.1" 200 65 "http://localhost:5555/" "Mozilla/5.0 (Windows NT 10.0; Win64; x64) AppleWebKit/537.36 (KHTML, like Gecko) Chrome/100.0.4896.127 Safari/537.36"
::1 - - [27/Apr/2022:21:50:45 +0000] "POST /app/flip/coins/ HTTP/1.1" 200 81 "http://localhost:5555/" "Mozilla/5.0 (Windows NT 10.0; Win64; x64) AppleWebKit/537.36 (KHTML, like Gecko) Chrome/100.0.4896.127 Safari/537.36"
::1 - - [27/Apr/2022:21:50:50 +0000] "POST /app/flip/coins/ HTTP/1.1" 200 659 "http://localhost:5555/" "Mozilla/5.0 (Windows NT 10.0; Win64; x64) AppleWebKit/537.36 (KHTML, like Gecko) Chrome/100.0.4896.127 Safari/537.36"
::1 - - [27/Apr/2022:21:51:58 +0000] "POST /app/flip/coins/ HTTP/1.1" 200 659 "http://localhost:5555/" "Mozilla/5.0 (Windows NT 10.0; Win64; x64) AppleWebKit/537.36 (KHTML, like Gecko) Chrome/100.0.4896.127 Safari/537.36"
::1 - - [27/Apr/2022:21:52:00 +0000] "POST /app/flip/coins/ HTTP/1.1" 200 659 "http://localhost:5555/" "Mozilla/5.0 (Windows NT 10.0; Win64; x64) AppleWebKit/537.36 (KHTML, like Gecko) Chrome/100.0.4896.127 Safari/537.36"
::1 - - [27/Apr/2022:21:58:17 +0000] "POST /app/flip/coins/ HTTP/1.1" 200 65 "http://localhost:5555/" "Mozilla/5.0 (Windows NT 10.0; Win64; x64) AppleWebKit/537.36 (KHTML, like Gecko) Chrome/100.0.4896.127 Safari/537.36"
::1 - - [27/Apr/2022:22:17:52 +0000] "POST /app/flip/coins/ HTTP/1.1" 200 57 "http://localhost:5555/" "Mozilla/5.0 (Windows NT 10.0; Win64; x64) AppleWebKit/537.36 (KHTML, like Gecko) Chrome/100.0.4896.127 Safari/537.36"
::1 - - [27/Apr/2022:22:31:29 +0000] "POST /app/flip/coins/ HTTP/1.1" 200 57 "http://localhost:5555/" "Mozilla/5.0 (Windows NT 10.0; Win64; x64) AppleWebKit/537.36 (KHTML, like Gecko) Chrome/100.0.4896.127 Safari/537.36"
::1 - - [27/Apr/2022:22:32:35 +0000] "POST /app/flip/coins/ HTTP/1.1" 200 57 "http://localhost:5555/" "Mozilla/5.0 (Windows NT 10.0; Win64; x64) AppleWebKit/537.36 (KHTML, like Gecko) Chrome/100.0.4896.127 Safari/537.36"
::1 - - [27/Apr/2022:22:33:57 +0000] "POST /app/flip/coins/ HTTP/1.1" 200 57 "http://localhost:5555/" "Mozilla/5.0 (Windows NT 10.0; Win64; x64) AppleWebKit/537.36 (KHTML, like Gecko) Chrome/100.0.4896.127 Safari/537.36"
::1 - - [27/Apr/2022:22:35:45 +0000] "GET /app/flip/ HTTP/1.1" 304 - "http://localhost:5555/" "Mozilla/5.0 (Windows NT 10.0; Win64; x64) AppleWebKit/537.36 (KHTML, like Gecko) Chrome/100.0.4896.127 Safari/537.36"
::1 - - [27/Apr/2022:22:35:48 +0000] "POST /app/flip/coins/ HTTP/1.1" 200 57 "http://localhost:5555/" "Mozilla/5.0 (Windows NT 10.0; Win64; x64) AppleWebKit/537.36 (KHTML, like Gecko) Chrome/100.0.4896.127 Safari/537.36"
::1 - - [27/Apr/2022:22:36:07 +0000] "GET /app/flip/ HTTP/1.1" 200 16 "http://localhost:5555/" "Mozilla/5.0 (Windows NT 10.0; Win64; x64) AppleWebKit/537.36 (KHTML, like Gecko) Chrome/100.0.4896.127 Safari/537.36"
::1 - - [27/Apr/2022:22:36:12 +0000] "POST /app/flip/coins/ HTTP/1.1" 200 57 "http://localhost:5555/" "Mozilla/5.0 (Windows NT 10.0; Win64; x64) AppleWebKit/537.36 (KHTML, like Gecko) Chrome/100.0.4896.127 Safari/537.36"
::1 - - [27/Apr/2022:22:46:28 +0000] "POST /app/flip/coins/ HTTP/1.1" 200 57 "http://localhost:5555/" "Mozilla/5.0 (Windows NT 10.0; Win64; x64) AppleWebKit/537.36 (KHTML, like Gecko) Chrome/100.0.4896.127 Safari/537.36"
::1 - - [27/Apr/2022:22:46:30 +0000] "POST /app/flip/coins/ HTTP/1.1" 200 73 "http://localhost:5555/" "Mozilla/5.0 (Windows NT 10.0; Win64; x64) AppleWebKit/537.36 (KHTML, like Gecko) Chrome/100.0.4896.127 Safari/537.36"
::1 - - [27/Apr/2022:22:46:34 +0000] "POST /app/flip/coins/ HTTP/1.1" 200 387 "http://localhost:5555/" "Mozilla/5.0 (Windows NT 10.0; Win64; x64) AppleWebKit/537.36 (KHTML, like Gecko) Chrome/100.0.4896.127 Safari/537.36"
::1 - - [27/Apr/2022:22:46:56 +0000] "POST /app/flip/coins/ HTTP/1.1" 200 218 "http://localhost:5555/" "Mozilla/5.0 (Windows NT 10.0; Win64; x64) AppleWebKit/537.36 (KHTML, like Gecko) Chrome/100.0.4896.127 Safari/537.36"
::1 - - [27/Apr/2022:22:46:59 +0000] "POST /app/flip/coins/ HTTP/1.1" 200 57 "http://localhost:5555/" "Mozilla/5.0 (Windows NT 10.0; Win64; x64) AppleWebKit/537.36 (KHTML, like Gecko) Chrome/100.0.4896.127 Safari/537.36"
::1 - - [27/Apr/2022:22:49:56 +0000] "POST /app/flip/coins/ HTTP/1.1" 200 57 "http://localhost:5555/" "Mozilla/5.0 (Windows NT 10.0; Win64; x64) AppleWebKit/537.36 (KHTML, like Gecko) Chrome/100.0.4896.127 Safari/537.36"
::1 - - [27/Apr/2022:22:50:05 +0000] "POST /app/flip/coins/ HTTP/1.1" 200 73 "http://localhost:5555/" "Mozilla/5.0 (Windows NT 10.0; Win64; x64) AppleWebKit/537.36 (KHTML, like Gecko) Chrome/100.0.4896.127 Safari/537.36"
::1 - - [27/Apr/2022:22:50:52 +0000] "GET /app/flip/ HTTP/1.1" 200 16 "http://localhost:5555/" "Mozilla/5.0 (Windows NT 10.0; Win64; x64) AppleWebKit/537.36 (KHTML, like Gecko) Chrome/100.0.4896.127 Safari/537.36"
::1 - - [27/Apr/2022:22:51:07 +0000] "POST /app/flip/coins/ HTTP/1.1" 200 73 "http://localhost:5555/" "Mozilla/5.0 (Windows NT 10.0; Win64; x64) AppleWebKit/537.36 (KHTML, like Gecko) Chrome/100.0.4896.127 Safari/537.36"
::1 - - [27/Apr/2022:22:51:09 +0000] "POST /app/flip/coins/ HTTP/1.1" 200 73 "http://localhost:5555/" "Mozilla/5.0 (Windows NT 10.0; Win64; x64) AppleWebKit/537.36 (KHTML, like Gecko) Chrome/100.0.4896.127 Safari/537.36"
::1 - - [27/Apr/2022:22:51:11 +0000] "POST /app/flip/coins/ HTTP/1.1" 200 73 "http://localhost:5555/" "Mozilla/5.0 (Windows NT 10.0; Win64; x64) AppleWebKit/537.36 (KHTML, like Gecko) Chrome/100.0.4896.127 Safari/537.36"
::1 - - [27/Apr/2022:23:01:13 +0000] "POST /app/flip/coins/ HTTP/1.1" 200 65 "http://localhost:5555/" "Mozilla/5.0 (Windows NT 10.0; Win64; x64) AppleWebKit/537.36 (KHTML, like Gecko) Chrome/100.0.4896.127 Safari/537.36"
::1 - - [27/Apr/2022:23:01:25 +0000] "POST /app/flip/coins/ HTTP/1.1" 200 395 "http://localhost:5555/" "Mozilla/5.0 (Windows NT 10.0; Win64; x64) AppleWebKit/537.36 (KHTML, like Gecko) Chrome/100.0.4896.127 Safari/537.36"
::1 - - [02/May/2022:03:56:41 +0000] "GET /app/flip/ HTTP/1.1" 200 16 "http://localhost:5555/" "Mozilla/5.0 (Windows NT 10.0; Win64; x64) AppleWebKit/537.36 (KHTML, like Gecko) Chrome/100.0.4896.127 Safari/537.36"
::1 - - [02/May/2022:03:56:47 +0000] "GET /app/flip/ HTTP/1.1" 200 16 "http://localhost:5555/" "Mozilla/5.0 (Windows NT 10.0; Win64; x64) AppleWebKit/537.36 (KHTML, like Gecko) Chrome/100.0.4896.127 Safari/537.36"
::1 - - [02/May/2022:03:56:49 +0000] "GET /app/flip/ HTTP/1.1" 200 16 "http://localhost:5555/" "Mozilla/5.0 (Windows NT 10.0; Win64; x64) AppleWebKit/537.36 (KHTML, like Gecko) Chrome/100.0.4896.127 Safari/537.36"
::1 - - [02/May/2022:03:56:53 +0000] "GET /app/flip/ HTTP/1.1" 200 16 "http://localhost:5555/" "Mozilla/5.0 (Windows NT 10.0; Win64; x64) AppleWebKit/537.36 (KHTML, like Gecko) Chrome/100.0.4896.127 Safari/537.36"
::1 - - [02/May/2022:03:56:55 +0000] "GET /app/flip/ HTTP/1.1" 304 - "http://localhost:5555/" "Mozilla/5.0 (Windows NT 10.0; Win64; x64) AppleWebKit/537.36 (KHTML, like Gecko) Chrome/100.0.4896.127 Safari/537.36"
::1 - - [02/May/2022:03:56:56 +0000] "GET /app/flip/ HTTP/1.1" 200 16 "http://localhost:5555/" "Mozilla/5.0 (Windows NT 10.0; Win64; x64) AppleWebKit/537.36 (KHTML, like Gecko) Chrome/100.0.4896.127 Safari/537.36"
::1 - - [02/May/2022:03:56:57 +0000] "GET /app/flip/ HTTP/1.1" 304 - "http://localhost:5555/" "Mozilla/5.0 (Windows NT 10.0; Win64; x64) AppleWebKit/537.36 (KHTML, like Gecko) Chrome/100.0.4896.127 Safari/537.36"
::1 - - [02/May/2022:03:56:58 +0000] "GET /app/flip/ HTTP/1.1" 200 16 "http://localhost:5555/" "Mozilla/5.0 (Windows NT 10.0; Win64; x64) AppleWebKit/537.36 (KHTML, like Gecko) Chrome/100.0.4896.127 Safari/537.36"
::1 - - [02/May/2022:03:56:59 +0000] "GET /app/flip/ HTTP/1.1" 304 - "http://localhost:5555/" "Mozilla/5.0 (Windows NT 10.0; Win64; x64) AppleWebKit/537.36 (KHTML, like Gecko) Chrome/100.0.4896.127 Safari/537.36"
::1 - - [02/May/2022:03:57:01 +0000] "GET /app/flip/ HTTP/1.1" 304 - "http://localhost:5555/" "Mozilla/5.0 (Windows NT 10.0; Win64; x64) AppleWebKit/537.36 (KHTML, like Gecko) Chrome/100.0.4896.127 Safari/537.36"
::1 - - [02/May/2022:03:57:10 +0000] "POST /app/flip/coins/ HTTP/1.1" 200 73 "http://localhost:5555/" "Mozilla/5.0 (Windows NT 10.0; Win64; x64) AppleWebKit/537.36 (KHTML, like Gecko) Chrome/100.0.4896.127 Safari/537.36"
::1 - - [02/May/2022:03:57:13 +0000] "GET /app/flip/ HTTP/1.1" 304 - "http://localhost:5555/" "Mozilla/5.0 (Windows NT 10.0; Win64; x64) AppleWebKit/537.36 (KHTML, like Gecko) Chrome/100.0.4896.127 Safari/537.36"
::1 - - [02/May/2022:04:00:38 +0000] "GET /app/flip/ HTTP/1.1" 304 - "http://localhost:5555/" "Mozilla/5.0 (Windows NT 10.0; Win64; x64) AppleWebKit/537.36 (KHTML, like Gecko) Chrome/100.0.4896.127 Safari/537.36"
::1 - - [02/May/2022:04:00:43 +0000] "GET /app/flip/ HTTP/1.1" 200 16 "http://localhost:5555/" "Mozilla/5.0 (Windows NT 10.0; Win64; x64) AppleWebKit/537.36 (KHTML, like Gecko) Chrome/100.0.4896.127 Safari/537.36"
::1 - - [02/May/2022:04:00:45 +0000] "GET /app/flip/ HTTP/1.1" 200 16 "http://localhost:5555/" "Mozilla/5.0 (Windows NT 10.0; Win64; x64) AppleWebKit/537.36 (KHTML, like Gecko) Chrome/100.0.4896.127 Safari/537.36"
::1 - - [02/May/2022:04:00:46 +0000] "GET /app/flip/ HTTP/1.1" 200 16 "http://localhost:5555/" "Mozilla/5.0 (Windows NT 10.0; Win64; x64) AppleWebKit/537.36 (KHTML, like Gecko) Chrome/100.0.4896.127 Safari/537.36"
::1 - - [02/May/2022:04:00:47 +0000] "GET /app/flip/ HTTP/1.1" 304 - "http://localhost:5555/" "Mozilla/5.0 (Windows NT 10.0; Win64; x64) AppleWebKit/537.36 (KHTML, like Gecko) Chrome/100.0.4896.127 Safari/537.36"
::1 - - [02/May/2022:04:00:49 +0000] "GET /app/flip/ HTTP/1.1" 304 - "http://localhost:5555/" "Mozilla/5.0 (Windows NT 10.0; Win64; x64) AppleWebKit/537.36 (KHTML, like Gecko) Chrome/100.0.4896.127 Safari/537.36"
::1 - - [02/May/2022:04:00:50 +0000] "GET /app/flip/ HTTP/1.1" 304 - "http://localhost:5555/" "Mozilla/5.0 (Windows NT 10.0; Win64; x64) AppleWebKit/537.36 (KHTML, like Gecko) Chrome/100.0.4896.127 Safari/537.36"
::1 - - [02/May/2022:04:00:51 +0000] "GET /app/flip/ HTTP/1.1" 200 16 "http://localhost:5555/" "Mozilla/5.0 (Windows NT 10.0; Win64; x64) AppleWebKit/537.36 (KHTML, like Gecko) Chrome/100.0.4896.127 Safari/537.36"
::1 - - [02/May/2022:04:00:51 +0000] "GET /app/flip/ HTTP/1.1" 200 16 "http://localhost:5555/" "Mozilla/5.0 (Windows NT 10.0; Win64; x64) AppleWebKit/537.36 (KHTML, like Gecko) Chrome/100.0.4896.127 Safari/537.36"
::1 - - [02/May/2022:04:00:52 +0000] "GET /app/flip/ HTTP/1.1" 304 - "http://localhost:5555/" "Mozilla/5.0 (Windows NT 10.0; Win64; x64) AppleWebKit/537.36 (KHTML, like Gecko) Chrome/100.0.4896.127 Safari/537.36"
::1 - - [02/May/2022:04:00:53 +0000] "GET /app/flip/ HTTP/1.1" 200 16 "http://localhost:5555/" "Mozilla/5.0 (Windows NT 10.0; Win64; x64) AppleWebKit/537.36 (KHTML, like Gecko) Chrome/100.0.4896.127 Safari/537.36"
::1 - - [02/May/2022:04:00:54 +0000] "GET /app/flip/ HTTP/1.1" 200 16 "http://localhost:5555/" "Mozilla/5.0 (Windows NT 10.0; Win64; x64) AppleWebKit/537.36 (KHTML, like Gecko) Chrome/100.0.4896.127 Safari/537.36"
::1 - - [02/May/2022:04:01:09 +0000] "GET /app/flip/ HTTP/1.1" 200 16 "http://localhost:5555/" "Mozilla/5.0 (Windows NT 10.0; Win64; x64) AppleWebKit/537.36 (KHTML, like Gecko) Chrome/100.0.4896.127 Safari/537.36"
::1 - - [02/May/2022:04:01:15 +0000] "GET /app/flip/ HTTP/1.1" 200 16 "http://localhost:5555/" "Mozilla/5.0 (Windows NT 10.0; Win64; x64) AppleWebKit/537.36 (KHTML, like Gecko) Chrome/100.0.4896.127 Safari/537.36"
::1 - - [02/May/2022:04:01:21 +0000] "GET /app/flip/ HTTP/1.1" 200 16 "http://localhost:5555/" "Mozilla/5.0 (Windows NT 10.0; Win64; x64) AppleWebKit/537.36 (KHTML, like Gecko) Chrome/100.0.4896.127 Safari/537.36"
